<?xml version="1.0" encoding="UTF-8"?>
<!-- Generated by org.testng.reporters.JUnitXMLReporter -->
<testsuite ignored="0" hostname="MSTSYS0000443" failures="1" tests="1" name="Test" time="275.053" errors="0" timestamp="2022-03-28T14:15:06 IST">
  <testcase classname="io.cucumber.testng.AbstractTestNGCucumberTests" name="runScenario" time="271.307">
    <failure type="org.openqa.selenium.ElementClickInterceptedException" message="element click intercepted: Element &amp;lt;button lightning-basecombobox_basecombobox=&amp;quot;&amp;quot; id=&amp;quot;combobox-button-318&amp;quot; type=&amp;quot;button&amp;quot; aria-expanded=&amp;quot;false&amp;quot; aria-haspopup=&amp;quot;listbox&amp;quot; name=&amp;quot;Receiving_Pension_other_than_SS_Railway__c&amp;quot; data-value=&amp;quot;--None--&amp;quot; aria-label=&amp;quot;Receiving pension other than SS?, --None--&amp;quot; class=&amp;quot;slds-combobox__input slds-input_faux slds-combobox__input-value&amp;quot; aria-controls=&amp;quot;dropdown-element-318&amp;quot;&amp;gt;...&amp;lt;/button&amp;gt; is not clickable at point (674, 545). Other element would receive the click: &amp;lt;lightning-input-field c-form4511cliamentinformationone_form4511cliamentinformationone=&amp;quot;&amp;quot; id=&amp;quot;Are_you_a_U_S_citizen_or_national__c-83&amp;quot; aria-describedby=&amp;quot;Are_you_a_U_S_citizen_or_national__c-83&amp;quot; class=&amp;quot;slds-form-element&amp;quot;&amp;gt;&amp;lt;/lightning-input-field&amp;gt;
  (Session info: chrome=99.0.4844.82)
Build info: version: &amp;apos;3.11.0&amp;apos;, revision: &amp;apos;e59cfb3&amp;apos;, time: &amp;apos;2018-03-11T20:26:55.152Z&amp;apos;
System info: host: &amp;apos;MSTSYS0000443&amp;apos;, ip: &amp;apos;192.168.29.220&amp;apos;, os.name: &amp;apos;Windows 10&amp;apos;, os.arch: &amp;apos;amd64&amp;apos;, os.version: &amp;apos;10.0&amp;apos;, java.version: &amp;apos;17.0.1&amp;apos;
Driver info: org.openqa.selenium.chrome.ChromeDriver
Capabilities {acceptInsecureCerts: false, browserName: chrome, browserVersion: 99.0.4844.82, chrome: {chromedriverVersion: 99.0.4844.51 (d537ec02474b5..., userDataDir: C:\Users\JANEHE~1\AppData\L...}, goog:chromeOptions: {debuggerAddress: localhost:58993}, javascriptEnabled: true, networkConnectionEnabled: false, pageLoadStrategy: normal, platform: WINDOWS, platformName: WINDOWS, proxy: Proxy(), setWindowRect: true, strictFileInteractability: false, timeouts: {implicit: 0, pageLoad: 300000, script: 30000}, unhandledPromptBehavior: dismiss and notify, webauthn:extension:credBlob: true, webauthn:extension:largeBlob: true, webauthn:virtualAuthenticators: true}
Session ID: 917cb3f0775f8ce7acdc0198a662c7c8">
      <![CDATA[org.openqa.selenium.ElementClickInterceptedException: element click intercepted: Element <button lightning-basecombobox_basecombobox="" id="combobox-button-318" type="button" aria-expanded="false" aria-haspopup="listbox" name="Receiving_Pension_other_than_SS_Railway__c" data-value="--None--" aria-label="Receiving pension other than SS?, --None--" class="slds-combobox__input slds-input_faux slds-combobox__input-value" aria-controls="dropdown-element-318">...</button> is not clickable at point (674, 545). Other element would receive the click: <lightning-input-field c-form4511cliamentinformationone_form4511cliamentinformationone="" id="Are_you_a_U_S_citizen_or_national__c-83" aria-describedby="Are_you_a_U_S_citizen_or_national__c-83" class="slds-form-element"></lightning-input-field>
  (Session info: chrome=99.0.4844.82)
Build info: version: '3.11.0', revision: 'e59cfb3', time: '2018-03-11T20:26:55.152Z'
System info: host: 'MSTSYS0000443', ip: '192.168.29.220', os.name: 'Windows 10', os.arch: 'amd64', os.version: '10.0', java.version: '17.0.1'
Driver info: org.openqa.selenium.chrome.ChromeDriver
Capabilities {acceptInsecureCerts: false, browserName: chrome, browserVersion: 99.0.4844.82, chrome: {chromedriverVersion: 99.0.4844.51 (d537ec02474b5..., userDataDir: C:\Users\JANEHE~1\AppData\L...}, goog:chromeOptions: {debuggerAddress: localhost:58993}, javascriptEnabled: true, networkConnectionEnabled: false, pageLoadStrategy: normal, platform: WINDOWS, platformName: WINDOWS, proxy: Proxy(), setWindowRect: true, strictFileInteractability: false, timeouts: {implicit: 0, pageLoad: 300000, script: 30000}, unhandledPromptBehavior: dismiss and notify, webauthn:extension:credBlob: true, webauthn:extension:largeBlob: true, webauthn:virtualAuthenticators: true}
Session ID: 917cb3f0775f8ce7acdc0198a662c7c8
at org.openqa.selenium.remote.http.W3CHttpResponseCodec.createException(W3CHttpResponseCodec.java:187)
at org.openqa.selenium.remote.http.W3CHttpResponseCodec.decode(W3CHttpResponseCodec.java:122)
at org.openqa.selenium.remote.http.W3CHttpResponseCodec.decode(W3CHttpResponseCodec.java:49)
at org.openqa.selenium.remote.HttpCommandExecutor.execute(HttpCommandExecutor.java:158)
at org.openqa.selenium.remote.service.DriverCommandExecutor.execute(DriverCommandExecutor.java:83)
at org.openqa.selenium.remote.RemoteWebDriver.execute(RemoteWebDriver.java:545)
at org.openqa.selenium.remote.RemoteWebElement.execute(RemoteWebElement.java:279)
at org.openqa.selenium.remote.RemoteWebElement.click(RemoteWebElement.java:83)
at com.mst.advance.automation.pages.EmployeePage.receivingPensionOtherThanWages(EmployeePage.java:320)
at stepDefinition.StepDefinitionForEmployeeSide.user_selects_whether_they_are_receiving_pension_other_than_wages(StepDefinitionForEmployeeSide.java:188)
at ✽.User selects whether they are receiving pension other than wages(file:///C:/Users/MSTSYS/eclipse-workspace/AdvanceLevelAutomation/Featurefile/TestCase.feature:37)
... Removed 5 stack frames]]>
    </failure>
  </testcase> <!-- runScenario -->
</testsuite> <!-- Test -->
