<?xml version="1.0" encoding="UTF-8"?>
<!-- Generated by org.testng.reporters.JUnitXMLReporter -->
<testsuite ignored="0" hostname="MSTSYS0000443" failures="1" tests="1" name="Test" time="172.957" errors="0" timestamp="2022-04-04T11:31:35 IST">
  <testcase classname="io.cucumber.testng.AbstractTestNGCucumberTests" name="runScenario" time="170.128">
    <failure type="org.openqa.selenium.ElementClickInterceptedException" message="element click intercepted: Element &amp;lt;button lightning-basecombobox_basecombobox=&amp;quot;&amp;quot; id=&amp;quot;combobox-button-66&amp;quot; type=&amp;quot;button&amp;quot; aria-expanded=&amp;quot;false&amp;quot; aria-haspopup=&amp;quot;listbox&amp;quot; name=&amp;quot;Federal_income_tax_withheld__c&amp;quot; data-value=&amp;quot;--None--&amp;quot; aria-label=&amp;quot;Federal income tax withheld?, --None--&amp;quot; class=&amp;quot;slds-combobox__input slds-input_faux slds-combobox__input-value&amp;quot; aria-controls=&amp;quot;dropdown-element-66&amp;quot;&amp;gt;...&amp;lt;/button&amp;gt; is not clickable at point (683, 498). Other element would receive the click: &amp;lt;lightning-input-field c-form4511sectionb_form4511sectionb=&amp;quot;&amp;quot; id=&amp;quot;Any_other_Employment__c-44&amp;quot; class=&amp;quot;slds-form-element&amp;quot;&amp;gt;&amp;lt;/lightning-input-field&amp;gt;
  (Session info: chrome=100.0.4896.60)
Build info: version: &amp;apos;3.11.0&amp;apos;, revision: &amp;apos;e59cfb3&amp;apos;, time: &amp;apos;2018-03-11T20:26:55.152Z&amp;apos;
System info: host: &amp;apos;MSTSYS0000443&amp;apos;, ip: &amp;apos;192.168.29.220&amp;apos;, os.name: &amp;apos;Windows 10&amp;apos;, os.arch: &amp;apos;amd64&amp;apos;, os.version: &amp;apos;10.0&amp;apos;, java.version: &amp;apos;17.0.1&amp;apos;
Driver info: org.openqa.selenium.chrome.ChromeDriver
Capabilities {acceptInsecureCerts: false, browserName: chrome, browserVersion: 100.0.4896.60, chrome: {chromedriverVersion: 100.0.4896.60 (6a5d10861ce8..., userDataDir: C:\Users\JANEHE~1\AppData\L...}, goog:chromeOptions: {debuggerAddress: localhost:50523}, javascriptEnabled: true, networkConnectionEnabled: false, pageLoadStrategy: normal, platform: WINDOWS, platformName: WINDOWS, proxy: Proxy(), setWindowRect: true, strictFileInteractability: false, timeouts: {implicit: 0, pageLoad: 300000, script: 30000}, unhandledPromptBehavior: dismiss and notify, webauthn:extension:credBlob: true, webauthn:extension:largeBlob: true, webauthn:virtualAuthenticators: true}
Session ID: 4b5f724f65fd4f8d1401cdc27921a425">
      <![CDATA[org.openqa.selenium.ElementClickInterceptedException: element click intercepted: Element <button lightning-basecombobox_basecombobox="" id="combobox-button-66" type="button" aria-expanded="false" aria-haspopup="listbox" name="Federal_income_tax_withheld__c" data-value="--None--" aria-label="Federal income tax withheld?, --None--" class="slds-combobox__input slds-input_faux slds-combobox__input-value" aria-controls="dropdown-element-66">...</button> is not clickable at point (683, 498). Other element would receive the click: <lightning-input-field c-form4511sectionb_form4511sectionb="" id="Any_other_Employment__c-44" class="slds-form-element"></lightning-input-field>
  (Session info: chrome=100.0.4896.60)
Build info: version: '3.11.0', revision: 'e59cfb3', time: '2018-03-11T20:26:55.152Z'
System info: host: 'MSTSYS0000443', ip: '192.168.29.220', os.name: 'Windows 10', os.arch: 'amd64', os.version: '10.0', java.version: '17.0.1'
Driver info: org.openqa.selenium.chrome.ChromeDriver
Capabilities {acceptInsecureCerts: false, browserName: chrome, browserVersion: 100.0.4896.60, chrome: {chromedriverVersion: 100.0.4896.60 (6a5d10861ce8..., userDataDir: C:\Users\JANEHE~1\AppData\L...}, goog:chromeOptions: {debuggerAddress: localhost:50523}, javascriptEnabled: true, networkConnectionEnabled: false, pageLoadStrategy: normal, platform: WINDOWS, platformName: WINDOWS, proxy: Proxy(), setWindowRect: true, strictFileInteractability: false, timeouts: {implicit: 0, pageLoad: 300000, script: 30000}, unhandledPromptBehavior: dismiss and notify, webauthn:extension:credBlob: true, webauthn:extension:largeBlob: true, webauthn:virtualAuthenticators: true}
Session ID: 4b5f724f65fd4f8d1401cdc27921a425
at org.openqa.selenium.remote.http.W3CHttpResponseCodec.createException(W3CHttpResponseCodec.java:187)
at org.openqa.selenium.remote.http.W3CHttpResponseCodec.decode(W3CHttpResponseCodec.java:122)
at org.openqa.selenium.remote.http.W3CHttpResponseCodec.decode(W3CHttpResponseCodec.java:49)
at org.openqa.selenium.remote.HttpCommandExecutor.execute(HttpCommandExecutor.java:158)
at org.openqa.selenium.remote.service.DriverCommandExecutor.execute(DriverCommandExecutor.java:83)
at org.openqa.selenium.remote.RemoteWebDriver.execute(RemoteWebDriver.java:545)
at org.openqa.selenium.remote.RemoteWebElement.execute(RemoteWebElement.java:279)
at org.openqa.selenium.remote.RemoteWebElement.click(RemoteWebElement.java:83)
at com.mst.advance.automation.pages.EmployeePage.federalIncomeTax(EmployeePage.java:139)
at stepDefinition.StepDefinitionForEmployeeSide.user_selects_the_value_in_sectionb_and_clicks_next(StepDefinitionForEmployeeSide.java:98)
at ✽.User selects the value in sectionb and clicks next(file:///C:/Users/MSTSYS/eclipse-workspace/AdvanceLevelAutomation/Featurefile/TestCase.feature:26)
... Removed 5 stack frames]]>
    </failure>
  </testcase> <!-- runScenario -->
</testsuite> <!-- Test -->
