<?xml version="1.0" encoding="UTF-8"?>
<testng-results ignored="0" total="1" passed="0" failed="1" skipped="0">
  <reporter-output>
  </reporter-output>
  <suite started-at="2022-03-28T14:10:31 IST" name="Suite" finished-at="2022-03-28T14:15:06 IST" duration-ms="275053">
    <groups>
      <group name="cucumber">
        <method signature="AbstractTestNGCucumberTests.runScenario(io.cucumber.testng.PickleWrapper, io.cucumber.testng.FeatureWrapper)[pri:0, instance:com.mst.advance.automation.testrunner.RunnerClass@5cdec700]" name="runScenario" class="io.cucumber.testng.AbstractTestNGCucumberTests"/>
      </group> <!-- cucumber -->
    </groups>
    <test started-at="2022-03-28T14:10:31 IST" name="Test" finished-at="2022-03-28T14:15:06 IST" duration-ms="275053">
      <class name="com.mst.advance.automation.testrunner.RunnerClass">
        <test-method is-config="true" signature="setUpClass()[pri:0, instance:com.mst.advance.automation.testrunner.RunnerClass@5cdec700]" started-at="2022-03-28T14:10:31 IST" name="setUpClass" finished-at="2022-03-28T14:10:31 IST" duration-ms="817" status="PASS">
          <reporter-output>
          </reporter-output>
        </test-method> <!-- setUpClass -->
        <test-method signature="runScenario(io.cucumber.testng.PickleWrapper, io.cucumber.testng.FeatureWrapper)[pri:0, instance:com.mst.advance.automation.testrunner.RunnerClass@5cdec700]" started-at="2022-03-28T14:10:31 IST" name="runScenario" description="Runs Cucumber Scenarios" data-provider="scenarios" finished-at="2022-03-28T14:15:03 IST" duration-ms="271307" status="FAIL">
          <params>
            <param index="0">
              <value>
                <![CDATA["Login to the community portal with valid credentials"]]>
              </value>
            </param>
            <param index="1">
              <value>
                <![CDATA["Optional[To submit the Initial Claim and Payment Certification for the employee]"]]>
              </value>
            </param>
          </params>
          <exception class="org.openqa.selenium.ElementClickInterceptedException">
            <message>
              <![CDATA[element click intercepted: Element <button lightning-basecombobox_basecombobox="" id="combobox-button-318" type="button" aria-expanded="false" aria-haspopup="listbox" name="Receiving_Pension_other_than_SS_Railway__c" data-value="--None--" aria-label="Receiving pension other than SS?, --None--" class="slds-combobox__input slds-input_faux slds-combobox__input-value" aria-controls="dropdown-element-318">...</button> is not clickable at point (674, 545). Other element would receive the click: <lightning-input-field c-form4511cliamentinformationone_form4511cliamentinformationone="" id="Are_you_a_U_S_citizen_or_national__c-83" aria-describedby="Are_you_a_U_S_citizen_or_national__c-83" class="slds-form-element"></lightning-input-field>
  (Session info: chrome=99.0.4844.82)
Build info: version: '3.11.0', revision: 'e59cfb3', time: '2018-03-11T20:26:55.152Z'
System info: host: 'MSTSYS0000443', ip: '192.168.29.220', os.name: 'Windows 10', os.arch: 'amd64', os.version: '10.0', java.version: '17.0.1'
Driver info: org.openqa.selenium.chrome.ChromeDriver
Capabilities {acceptInsecureCerts: false, browserName: chrome, browserVersion: 99.0.4844.82, chrome: {chromedriverVersion: 99.0.4844.51 (d537ec02474b5..., userDataDir: C:\Users\JANEHE~1\AppData\L...}, goog:chromeOptions: {debuggerAddress: localhost:58993}, javascriptEnabled: true, networkConnectionEnabled: false, pageLoadStrategy: normal, platform: WINDOWS, platformName: WINDOWS, proxy: Proxy(), setWindowRect: true, strictFileInteractability: false, timeouts: {implicit: 0, pageLoad: 300000, script: 30000}, unhandledPromptBehavior: dismiss and notify, webauthn:extension:credBlob: true, webauthn:extension:largeBlob: true, webauthn:virtualAuthenticators: true}
Session ID: 917cb3f0775f8ce7acdc0198a662c7c8]]>
            </message>
            <full-stacktrace>
              <![CDATA[org.openqa.selenium.ElementClickInterceptedException: element click intercepted: Element <button lightning-basecombobox_basecombobox="" id="combobox-button-318" type="button" aria-expanded="false" aria-haspopup="listbox" name="Receiving_Pension_other_than_SS_Railway__c" data-value="--None--" aria-label="Receiving pension other than SS?, --None--" class="slds-combobox__input slds-input_faux slds-combobox__input-value" aria-controls="dropdown-element-318">...</button> is not clickable at point (674, 545). Other element would receive the click: <lightning-input-field c-form4511cliamentinformationone_form4511cliamentinformationone="" id="Are_you_a_U_S_citizen_or_national__c-83" aria-describedby="Are_you_a_U_S_citizen_or_national__c-83" class="slds-form-element"></lightning-input-field>
  (Session info: chrome=99.0.4844.82)
Build info: version: '3.11.0', revision: 'e59cfb3', time: '2018-03-11T20:26:55.152Z'
System info: host: 'MSTSYS0000443', ip: '192.168.29.220', os.name: 'Windows 10', os.arch: 'amd64', os.version: '10.0', java.version: '17.0.1'
Driver info: org.openqa.selenium.chrome.ChromeDriver
Capabilities {acceptInsecureCerts: false, browserName: chrome, browserVersion: 99.0.4844.82, chrome: {chromedriverVersion: 99.0.4844.51 (d537ec02474b5..., userDataDir: C:\Users\JANEHE~1\AppData\L...}, goog:chromeOptions: {debuggerAddress: localhost:58993}, javascriptEnabled: true, networkConnectionEnabled: false, pageLoadStrategy: normal, platform: WINDOWS, platformName: WINDOWS, proxy: Proxy(), setWindowRect: true, strictFileInteractability: false, timeouts: {implicit: 0, pageLoad: 300000, script: 30000}, unhandledPromptBehavior: dismiss and notify, webauthn:extension:credBlob: true, webauthn:extension:largeBlob: true, webauthn:virtualAuthenticators: true}
Session ID: 917cb3f0775f8ce7acdc0198a662c7c8
at java.base/jdk.internal.reflect.NativeConstructorAccessorImpl.newInstance0(Native Method)
at java.base/jdk.internal.reflect.NativeConstructorAccessorImpl.newInstance(NativeConstructorAccessorImpl.java:77)
at java.base/jdk.internal.reflect.DelegatingConstructorAccessorImpl.newInstance(DelegatingConstructorAccessorImpl.java:45)
at java.base/java.lang.reflect.Constructor.newInstanceWithCaller(Constructor.java:499)
at java.base/java.lang.reflect.Constructor.newInstance(Constructor.java:480)
at org.openqa.selenium.remote.http.W3CHttpResponseCodec.createException(W3CHttpResponseCodec.java:187)
at org.openqa.selenium.remote.http.W3CHttpResponseCodec.decode(W3CHttpResponseCodec.java:122)
at org.openqa.selenium.remote.http.W3CHttpResponseCodec.decode(W3CHttpResponseCodec.java:49)
at org.openqa.selenium.remote.HttpCommandExecutor.execute(HttpCommandExecutor.java:158)
at org.openqa.selenium.remote.service.DriverCommandExecutor.execute(DriverCommandExecutor.java:83)
at org.openqa.selenium.remote.RemoteWebDriver.execute(RemoteWebDriver.java:545)
at org.openqa.selenium.remote.RemoteWebElement.execute(RemoteWebElement.java:279)
at org.openqa.selenium.remote.RemoteWebElement.click(RemoteWebElement.java:83)
at com.mst.advance.automation.pages.EmployeePage.receivingPensionOtherThanWages(EmployeePage.java:320)
at stepDefinition.StepDefinitionForEmployeeSide.user_selects_whether_they_are_receiving_pension_other_than_wages(StepDefinitionForEmployeeSide.java:188)
at ✽.User selects whether they are receiving pension other than wages(file:///C:/Users/MSTSYS/eclipse-workspace/AdvanceLevelAutomation/Featurefile/TestCase.feature:37)
]]>
            </full-stacktrace>
          </exception> <!-- org.openqa.selenium.ElementClickInterceptedException -->
          <reporter-output>
          </reporter-output>
        </test-method> <!-- runScenario -->
        <test-method is-config="true" signature="tearDownClass()[pri:0, instance:com.mst.advance.automation.testrunner.RunnerClass@5cdec700]" started-at="2022-03-28T14:15:03 IST" name="tearDownClass" finished-at="2022-03-28T14:15:06 IST" duration-ms="2841" status="PASS">
          <reporter-output>
          </reporter-output>
        </test-method> <!-- tearDownClass -->
      </class> <!-- com.mst.advance.automation.testrunner.RunnerClass -->
    </test> <!-- Test -->
  </suite> <!-- Suite -->
</testng-results>
