<?xml version="1.0" encoding="UTF-8"?>
<!-- Generated by org.testng.reporters.JUnitReportReporter -->
<testsuite hostname="MSTSYS0000443" failures="0" tests="1" name="com.mst.advance.automation.testrunner.RunnerClass" time="271.307" errors="1" timestamp="2022-03-28T14:15:06 IST" skipped="0">
  <testcase classname="com.mst.advance.automation.testrunner.RunnerClass" name="runScenario" time="271.307">
    <error message="element click intercepted: Element &lt;button lightning-basecombobox_basecombobox=&quot;&quot; id=&quot;combobox-button-318&quot; type=&quot;button&quot; aria-expanded=&quot;false&quot; aria-haspopup=&quot;listbox&quot; name=&quot;Receiving_Pension_other_than_SS_Railway__c&quot; data-value=&quot;--None--&quot; aria-label=&quot;Receiving pension other than SS?, --None--&quot; class=&quot;slds-combobox__input slds-input_faux slds-combobox__input-value&quot; aria-controls=&quot;dropdown-element-318&quot;&gt;...&lt;/button&gt; is not clickable at point (674, 545). Other element would receive the click: &lt;lightning-input-field c-form4511cliamentinformationone_form4511cliamentinformationone=&quot;&quot; id=&quot;Are_you_a_U_S_citizen_or_national__c-83&quot; aria-describedby=&quot;Are_you_a_U_S_citizen_or_national__c-83&quot; class=&quot;slds-form-element&quot;&gt;&lt;/lightning-input-field&gt;
  (Session info: chrome=99.0.4844.82)
Build info: version: &#039;3.11.0&#039;, revision: &#039;e59cfb3&#039;, time: &#039;2018-03-11T20:26:55.152Z&#039;
System info: host: &#039;MSTSYS0000443&#039;, ip: &#039;192.168.29.220&#039;, os.name: &#039;Windows 10&#039;, os.arch: &#039;amd64&#039;, os.version: &#039;10.0&#039;, java.version: &#039;17.0.1&#039;
Driver info: org.openqa.selenium.chrome.ChromeDriver
Capabilities {acceptInsecureCerts: false, browserName: chrome, browserVersion: 99.0.4844.82, chrome: {chromedriverVersion: 99.0.4844.51 (d537ec02474b5..., userDataDir: C:\Users\JANEHE~1\AppData\L...}, goog:chromeOptions: {debuggerAddress: localhost:58993}, javascriptEnabled: true, networkConnectionEnabled: false, pageLoadStrategy: normal, platform: WINDOWS, platformName: WINDOWS, proxy: Proxy(), setWindowRect: true, strictFileInteractability: false, timeouts: {implicit: 0, pageLoad: 300000, script: 30000}, unhandledPromptBehavior: dismiss and notify, webauthn:extension:credBlob: true, webauthn:extension:largeBlob: true, webauthn:virtualAuthenticators: true}
Session ID: 917cb3f0775f8ce7acdc0198a662c7c8" type="org.openqa.selenium.ElementClickInterceptedException">
      <![CDATA[org.openqa.selenium.ElementClickInterceptedException: element click intercepted: Element <button lightning-basecombobox_basecombobox="" id="combobox-button-318" type="button" aria-expanded="false" aria-haspopup="listbox" name="Receiving_Pension_other_than_SS_Railway__c" data-value="--None--" aria-label="Receiving pension other than SS?, --None--" class="slds-combobox__input slds-input_faux slds-combobox__input-value" aria-controls="dropdown-element-318">...</button> is not clickable at point (674, 545). Other element would receive the click: <lightning-input-field c-form4511cliamentinformationone_form4511cliamentinformationone="" id="Are_you_a_U_S_citizen_or_national__c-83" aria-describedby="Are_you_a_U_S_citizen_or_national__c-83" class="slds-form-element"></lightning-input-field>
  (Session info: chrome=99.0.4844.82)
Build info: version: '3.11.0', revision: 'e59cfb3', time: '2018-03-11T20:26:55.152Z'
System info: host: 'MSTSYS0000443', ip: '192.168.29.220', os.name: 'Windows 10', os.arch: 'amd64', os.version: '10.0', java.version: '17.0.1'
Driver info: org.openqa.selenium.chrome.ChromeDriver
Capabilities {acceptInsecureCerts: false, browserName: chrome, browserVersion: 99.0.4844.82, chrome: {chromedriverVersion: 99.0.4844.51 (d537ec02474b5..., userDataDir: C:\Users\JANEHE~1\AppData\L...}, goog:chromeOptions: {debuggerAddress: localhost:58993}, javascriptEnabled: true, networkConnectionEnabled: false, pageLoadStrategy: normal, platform: WINDOWS, platformName: WINDOWS, proxy: Proxy(), setWindowRect: true, strictFileInteractability: false, timeouts: {implicit: 0, pageLoad: 300000, script: 30000}, unhandledPromptBehavior: dismiss and notify, webauthn:extension:credBlob: true, webauthn:extension:largeBlob: true, webauthn:virtualAuthenticators: true}
Session ID: 917cb3f0775f8ce7acdc0198a662c7c8
at java.base/jdk.internal.reflect.NativeConstructorAccessorImpl.newInstance0(Native Method)
at java.base/jdk.internal.reflect.NativeConstructorAccessorImpl.newInstance(NativeConstructorAccessorImpl.java:77)
at java.base/jdk.internal.reflect.DelegatingConstructorAccessorImpl.newInstance(DelegatingConstructorAccessorImpl.java:45)
at java.base/java.lang.reflect.Constructor.newInstanceWithCaller(Constructor.java:499)
at java.base/java.lang.reflect.Constructor.newInstance(Constructor.java:480)
at org.openqa.selenium.remote.http.W3CHttpResponseCodec.createException(W3CHttpResponseCodec.java:187)
at org.openqa.selenium.remote.http.W3CHttpResponseCodec.decode(W3CHttpResponseCodec.java:122)
at org.openqa.selenium.remote.http.W3CHttpResponseCodec.decode(W3CHttpResponseCodec.java:49)
at org.openqa.selenium.remote.HttpCommandExecutor.execute(HttpCommandExecutor.java:158)
at org.openqa.selenium.remote.service.DriverCommandExecutor.execute(DriverCommandExecutor.java:83)
at org.openqa.selenium.remote.RemoteWebDriver.execute(RemoteWebDriver.java:545)
at org.openqa.selenium.remote.RemoteWebElement.execute(RemoteWebElement.java:279)
at org.openqa.selenium.remote.RemoteWebElement.click(RemoteWebElement.java:83)
at com.mst.advance.automation.pages.EmployeePage.receivingPensionOtherThanWages(EmployeePage.java:320)
at stepDefinition.StepDefinitionForEmployeeSide.user_selects_whether_they_are_receiving_pension_other_than_wages(StepDefinitionForEmployeeSide.java:188)
at ✽.User selects whether they are receiving pension other than wages(file:///C:/Users/MSTSYS/eclipse-workspace/AdvanceLevelAutomation/Featurefile/TestCase.feature:37)
]]>
    </error>
  </testcase> <!-- runScenario -->
</testsuite> <!-- com.mst.advance.automation.testrunner.RunnerClass -->
